build/app/intermediates/manifest_merge_blame_file/debug/manifest-merger-blame-debug-report.txt
1<?xml version="1.0" encoding="utf-8"?>
2<manifest xmlns:android="http://schemas.android.com/apk/res/android"
3    package="com.example.quiz_app"
4    android:versionCode="1"
5    android:versionName="1.0.0" >
6
7    <uses-sdk
8        android:minSdkVersion="23"
9        android:targetSdkVersion="35" />
10    <!--
11         The INTERNET permission is required for development. Specifically,
12         the Flutter tool needs it to communicate with the running application
13         to allow setting breakpoints, to provide hot reload, etc.
14    -->
15    <uses-permission android:name="android.permission.INTERNET" />
15-->src/debug/AndroidManifest.xml:6:5-66
15-->src/debug/AndroidManifest.xml:6:22-64
16    <uses-permission android:name="android.permission.VIBRATE" />
16-->src/main/AndroidManifest.xml:2:5-65
16-->src/main/AndroidManifest.xml:2:22-63
17    <uses-permission android:name="android.permission.RECEIVE_BOOT_COMPLETED" />
17-->src/main/AndroidManifest.xml:3:5-80
17-->src/main/AndroidManifest.xml:3:22-78
18    <uses-permission android:name="android.permission.READ_CLIPBOARD" />
18-->src/main/AndroidManifest.xml:4:5-73
18-->src/main/AndroidManifest.xml:4:22-70
19    <uses-permission android:name="android.permission.WRITE_EXTERNAL_STORAGE" />
19-->src/main/AndroidManifest.xml:5:5-81
19-->src/main/AndroidManifest.xml:5:22-78
20    <uses-permission android:name="android.permission.POST_NOTIFICATIONS" />
20-->src/main/AndroidManifest.xml:6:5-77
20-->src/main/AndroidManifest.xml:6:22-74
21    <uses-permission android:name="android.permission.SCHEDULE_EXACT_ALARM" />
21-->src/main/AndroidManifest.xml:7:5-79
21-->src/main/AndroidManifest.xml:7:22-76
22    <!--
23 Required to query activities that can process text, see:
24         https://developer.android.com/training/package-visibility and
25         https://developer.android.com/reference/android/content/Intent#ACTION_PROCESS_TEXT.
26
27         In particular, this is used by the Flutter engine in io.flutter.plugin.text.ProcessTextPlugin.
28    -->
29    <queries>
29-->src/main/AndroidManifest.xml:47:5-52:15
30        <intent>
30-->src/main/AndroidManifest.xml:48:9-51:18
31            <action android:name="android.intent.action.PROCESS_TEXT" />
31-->src/main/AndroidManifest.xml:49:13-72
31-->src/main/AndroidManifest.xml:49:21-70
32
33            <data android:mimeType="text/plain" />
33-->src/main/AndroidManifest.xml:50:13-50
33-->src/main/AndroidManifest.xml:50:19-48
34        </intent>
35    </queries>
36
37    <uses-permission android:name="android.permission.BROADCAST_CLOSE_SYSTEM_DIALOGS" />
37-->[:awesome_notifications] AndroidManifest.xml:8:5-89
37-->[:awesome_notifications] AndroidManifest.xml:8:22-86
38    <uses-permission
38-->[me.carda:AndroidAwnCore:0.8.3] AndroidManifest.xml:10:5-12:38
39        android:name="android.permission.BIND_NOTIFICATION_LISTENER_SERVICE"
39-->[me.carda:AndroidAwnCore:0.8.3] AndroidManifest.xml:11:9-77
40        android:maxSdkVersion="22" />
40-->[me.carda:AndroidAwnCore:0.8.3] AndroidManifest.xml:12:9-35
41    <uses-permission android:name="android.permission.ACCESS_NETWORK_STATE" />
41-->[com.google.firebase:firebase-auth:23.1.0] AndroidManifest.xml:26:5-79
41-->[com.google.firebase:firebase-auth:23.1.0] AndroidManifest.xml:26:22-76
42    <uses-permission android:name="com.google.android.providers.gsf.permission.READ_GSERVICES" />
42-->[com.google.android.recaptcha:recaptcha:18.5.1] AndroidManifest.xml:9:5-98
42-->[com.google.android.recaptcha:recaptcha:18.5.1] AndroidManifest.xml:9:22-95
43
44    <permission
44-->[androidx.core:core:1.13.1] AndroidManifest.xml:22:5-24:47
45        android:name="com.example.quiz_app.DYNAMIC_RECEIVER_NOT_EXPORTED_PERMISSION"
45-->[androidx.core:core:1.13.1] AndroidManifest.xml:23:9-81
46        android:protectionLevel="signature" />
46-->[androidx.core:core:1.13.1] AndroidManifest.xml:24:9-44
47
48    <uses-permission android:name="com.example.quiz_app.DYNAMIC_RECEIVER_NOT_EXPORTED_PERMISSION" /> <!-- for android -->
48-->[androidx.core:core:1.13.1] AndroidManifest.xml:26:5-97
48-->[androidx.core:core:1.13.1] AndroidManifest.xml:26:22-94
49    <!-- <uses-permission android:name="com.android.launcher.permission.READ_SETTINGS"/> -->
50    <!-- <uses-permission android:name="com.android.launcher.permission.WRITE_SETTINGS"/> -->
51    <!-- <uses-permission android:name="com.android.launcher.permission.INSTALL_SHORTCUT" /> -->
52    <!-- <uses-permission android:name="com.android.launcher.permission.UNINSTALL_SHORTCUT" /> -->
53    <!-- for Samsung -->
54    <uses-permission android:name="com.sec.android.provider.badge.permission.READ" />
54-->[me.leolin:ShortcutBadger:1.1.22] AndroidManifest.xml:19:5-86
54-->[me.leolin:ShortcutBadger:1.1.22] AndroidManifest.xml:19:22-83
55    <uses-permission android:name="com.sec.android.provider.badge.permission.WRITE" /> <!-- for htc -->
55-->[me.leolin:ShortcutBadger:1.1.22] AndroidManifest.xml:20:5-87
55-->[me.leolin:ShortcutBadger:1.1.22] AndroidManifest.xml:20:22-84
56    <uses-permission android:name="com.htc.launcher.permission.READ_SETTINGS" />
56-->[me.leolin:ShortcutBadger:1.1.22] AndroidManifest.xml:23:5-81
56-->[me.leolin:ShortcutBadger:1.1.22] AndroidManifest.xml:23:22-78
57    <uses-permission android:name="com.htc.launcher.permission.UPDATE_SHORTCUT" /> <!-- for sony -->
57-->[me.leolin:ShortcutBadger:1.1.22] AndroidManifest.xml:24:5-83
57-->[me.leolin:ShortcutBadger:1.1.22] AndroidManifest.xml:24:22-80
58    <uses-permission android:name="com.sonyericsson.home.permission.BROADCAST_BADGE" />
58-->[me.leolin:ShortcutBadger:1.1.22] AndroidManifest.xml:27:5-88
58-->[me.leolin:ShortcutBadger:1.1.22] AndroidManifest.xml:27:22-85
59    <uses-permission android:name="com.sonymobile.home.permission.PROVIDER_INSERT_BADGE" /> <!-- for apex -->
59-->[me.leolin:ShortcutBadger:1.1.22] AndroidManifest.xml:28:5-92
59-->[me.leolin:ShortcutBadger:1.1.22] AndroidManifest.xml:28:22-89
60    <uses-permission android:name="com.anddoes.launcher.permission.UPDATE_COUNT" /> <!-- for solid -->
60-->[me.leolin:ShortcutBadger:1.1.22] AndroidManifest.xml:31:5-84
60-->[me.leolin:ShortcutBadger:1.1.22] AndroidManifest.xml:31:22-81
61    <uses-permission android:name="com.majeur.launcher.permission.UPDATE_BADGE" /> <!-- for huawei -->
61-->[me.leolin:ShortcutBadger:1.1.22] AndroidManifest.xml:34:5-83
61-->[me.leolin:ShortcutBadger:1.1.22] AndroidManifest.xml:34:22-80
62    <uses-permission android:name="com.huawei.android.launcher.permission.CHANGE_BADGE" />
62-->[me.leolin:ShortcutBadger:1.1.22] AndroidManifest.xml:37:5-91
62-->[me.leolin:ShortcutBadger:1.1.22] AndroidManifest.xml:37:22-88
63    <uses-permission android:name="com.huawei.android.launcher.permission.READ_SETTINGS" />
63-->[me.leolin:ShortcutBadger:1.1.22] AndroidManifest.xml:38:5-92
63-->[me.leolin:ShortcutBadger:1.1.22] AndroidManifest.xml:38:22-89
64    <uses-permission android:name="com.huawei.android.launcher.permission.WRITE_SETTINGS" /> <!-- for ZUK -->
64-->[me.leolin:ShortcutBadger:1.1.22] AndroidManifest.xml:39:5-93
64-->[me.leolin:ShortcutBadger:1.1.22] AndroidManifest.xml:39:22-90
65    <uses-permission android:name="android.permission.READ_APP_BADGE" /> <!-- for OPPO -->
65-->[me.leolin:ShortcutBadger:1.1.22] AndroidManifest.xml:42:5-73
65-->[me.leolin:ShortcutBadger:1.1.22] AndroidManifest.xml:42:22-70
66    <uses-permission android:name="com.oppo.launcher.permission.READ_SETTINGS" />
66-->[me.leolin:ShortcutBadger:1.1.22] AndroidManifest.xml:45:5-82
66-->[me.leolin:ShortcutBadger:1.1.22] AndroidManifest.xml:45:22-79
67    <uses-permission android:name="com.oppo.launcher.permission.WRITE_SETTINGS" /> <!-- for EvMe -->
67-->[me.leolin:ShortcutBadger:1.1.22] AndroidManifest.xml:46:5-83
67-->[me.leolin:ShortcutBadger:1.1.22] AndroidManifest.xml:46:22-80
68    <uses-permission android:name="me.everything.badger.permission.BADGE_COUNT_READ" />
68-->[me.leolin:ShortcutBadger:1.1.22] AndroidManifest.xml:49:5-88
68-->[me.leolin:ShortcutBadger:1.1.22] AndroidManifest.xml:49:22-85
69    <uses-permission android:name="me.everything.badger.permission.BADGE_COUNT_WRITE" />
69-->[me.leolin:ShortcutBadger:1.1.22] AndroidManifest.xml:50:5-89
69-->[me.leolin:ShortcutBadger:1.1.22] AndroidManifest.xml:50:22-86
70
71    <application
72        android:name="android.app.Application"
73        android:appComponentFactory="androidx.core.app.CoreComponentFactory"
73-->[androidx.core:core:1.13.1] AndroidManifest.xml:28:18-86
74        android:debuggable="true"
75        android:extractNativeLibs="false"
76        android:icon="@mipmap/ic_launcher"
77        android:label="quiz_app" >
78        <activity
79            android:name="com.example.quiz_app.MainActivity"
80            android:configChanges="orientation|keyboardHidden|keyboard|screenSize|smallestScreenSize|locale|layoutDirection|fontScale|screenLayout|density|uiMode"
81            android:enableOnBackInvokedCallback="true"
82            android:exported="true"
83            android:hardwareAccelerated="true"
84            android:launchMode="singleTop"
85            android:taskAffinity=""
86            android:theme="@style/LaunchTheme"
87            android:windowSoftInputMode="adjustResize" >
88
89            <!--
90                 Specifies an Android theme to apply to this Activity as soon as
91                 the Android process has started. This theme is visible to the user
92                 while the Flutter UI initializes. After that, this theme continues
93                 to determine the Window background behind the Flutter UI.
94            -->
95            <meta-data
96                android:name="io.flutter.embedding.android.NormalTheme"
97                android:resource="@style/NormalTheme" />
98
99            <intent-filter>
100                <action android:name="android.intent.action.MAIN" />
101
102                <category android:name="android.intent.category.LAUNCHER" />
103            </intent-filter>
104        </activity>
105        <!--
106             Don't delete the meta-data below.
107             This is used by the Flutter tool to generate GeneratedPluginRegistrant.java
108        -->
109        <meta-data
110            android:name="flutterEmbedding"
111            android:value="2" />
112
113        <receiver
113-->[:awesome_notifications] AndroidManifest.xml:13:9-15:39
114            android:name="me.carda.awesome_notifications.DartNotificationActionReceiver"
114-->[:awesome_notifications] AndroidManifest.xml:14:13-89
115            android:exported="true" />
115-->[:awesome_notifications] AndroidManifest.xml:15:13-36
116        <receiver
116-->[:awesome_notifications] AndroidManifest.xml:16:9-18:39
117            android:name="me.carda.awesome_notifications.DartDismissedNotificationReceiver"
117-->[:awesome_notifications] AndroidManifest.xml:17:13-92
118            android:exported="true" />
118-->[:awesome_notifications] AndroidManifest.xml:18:13-36
119        <receiver
119-->[:awesome_notifications] AndroidManifest.xml:19:9-21:39
120            android:name="me.carda.awesome_notifications.DartScheduledNotificationReceiver"
120-->[:awesome_notifications] AndroidManifest.xml:20:13-92
121            android:exported="true" />
121-->[:awesome_notifications] AndroidManifest.xml:21:13-36
122        <receiver
122-->[:awesome_notifications] AndroidManifest.xml:22:9-36:20
123            android:name="me.carda.awesome_notifications.DartRefreshSchedulesReceiver"
123-->[:awesome_notifications] AndroidManifest.xml:23:13-87
124            android:enabled="true"
124-->[:awesome_notifications] AndroidManifest.xml:24:13-35
125            android:exported="true" >
125-->[:awesome_notifications] AndroidManifest.xml:25:13-36
126            <intent-filter>
126-->[:awesome_notifications] AndroidManifest.xml:26:13-35:29
127                <category android:name="android.intent.category.DEFAULT" />
127-->[:awesome_notifications] AndroidManifest.xml:27:17-76
127-->[:awesome_notifications] AndroidManifest.xml:27:27-73
128
129                <action android:name="android.intent.action.BOOT_COMPLETED" />
129-->[:awesome_notifications] AndroidManifest.xml:29:17-79
129-->[:awesome_notifications] AndroidManifest.xml:29:25-76
130                <action android:name="android.intent.action.LOCKED_BOOT_COMPLETED" />
130-->[:awesome_notifications] AndroidManifest.xml:30:17-86
130-->[:awesome_notifications] AndroidManifest.xml:30:25-83
131                <action android:name="android.intent.action.MY_PACKAGE_REPLACED" />
131-->[:awesome_notifications] AndroidManifest.xml:31:17-84
131-->[:awesome_notifications] AndroidManifest.xml:31:25-81
132                <action android:name="android.intent.action.QUICKBOOT_POWERON" />
132-->[:awesome_notifications] AndroidManifest.xml:32:17-82
132-->[:awesome_notifications] AndroidManifest.xml:32:25-79
133                <action android:name="com.htc.intent.action.QUICKBOOT_POWERON" />
133-->[:awesome_notifications] AndroidManifest.xml:33:17-82
133-->[:awesome_notifications] AndroidManifest.xml:33:25-79
134                <action android:name="android.app.action.SCHEDULE_EXACT_ALARM_PERMISSION_STATE_CHANGED" />
134-->[:awesome_notifications] AndroidManifest.xml:34:17-107
134-->[:awesome_notifications] AndroidManifest.xml:34:25-104
135            </intent-filter>
136        </receiver>
137
138        <service
138-->[:awesome_notifications] AndroidManifest.xml:38:9-41:72
139            android:name="me.carda.awesome_notifications.DartBackgroundService"
139-->[:awesome_notifications] AndroidManifest.xml:39:13-80
140            android:exported="false"
140-->[:awesome_notifications] AndroidManifest.xml:40:13-37
141            android:permission="android.permission.BIND_JOB_SERVICE" />
141-->[:awesome_notifications] AndroidManifest.xml:41:13-69
142        <service
142-->[:awesome_notifications] AndroidManifest.xml:42:9-47:43
143            android:name="me.carda.awesome_notifications.core.services.ForegroundService"
143-->[:awesome_notifications] AndroidManifest.xml:43:13-90
144            android:enabled="true"
144-->[:awesome_notifications] AndroidManifest.xml:44:13-35
145            android:exported="false"
145-->[:awesome_notifications] AndroidManifest.xml:45:13-37
146            android:foregroundServiceType="phoneCall"
146-->[:awesome_notifications] AndroidManifest.xml:46:13-54
147            android:stopWithTask="true" />
147-->[:awesome_notifications] AndroidManifest.xml:47:13-40
148        <service
148-->[:cloud_firestore] AndroidManifest.xml:8:9-12:19
149            android:name="com.google.firebase.components.ComponentDiscoveryService"
149-->[:cloud_firestore] AndroidManifest.xml:8:18-89
150            android:directBootAware="true"
150-->[com.google.firebase:firebase-common:21.0.0] AndroidManifest.xml:32:13-43
151            android:exported="false" >
151-->[com.google.firebase:firebase-auth:23.1.0] AndroidManifest.xml:68:13-37
152            <meta-data
152-->[:cloud_firestore] AndroidManifest.xml:9:13-11:85
153                android:name="com.google.firebase.components:io.flutter.plugins.firebase.firestore.FlutterFirebaseFirestoreRegistrar"
153-->[:cloud_firestore] AndroidManifest.xml:10:17-134
154                android:value="com.google.firebase.components.ComponentRegistrar" />
154-->[:cloud_firestore] AndroidManifest.xml:11:17-82
155            <meta-data
155-->[:firebase_auth] AndroidManifest.xml:9:13-11:85
156                android:name="com.google.firebase.components:io.flutter.plugins.firebase.auth.FlutterFirebaseAuthRegistrar"
156-->[:firebase_auth] AndroidManifest.xml:10:17-124
157                android:value="com.google.firebase.components.ComponentRegistrar" />
157-->[:firebase_auth] AndroidManifest.xml:11:17-82
158            <meta-data
158-->[:firebase_storage] AndroidManifest.xml:9:13-11:85
159                android:name="com.google.firebase.components:io.flutter.plugins.firebase.storage.FlutterFirebaseAppRegistrar"
159-->[:firebase_storage] AndroidManifest.xml:10:17-126
160                android:value="com.google.firebase.components.ComponentRegistrar" />
160-->[:firebase_storage] AndroidManifest.xml:11:17-82
161            <meta-data
161-->[:firebase_core] AndroidManifest.xml:9:13-11:85
162                android:name="com.google.firebase.components:io.flutter.plugins.firebase.core.FlutterFirebaseCoreRegistrar"
162-->[:firebase_core] AndroidManifest.xml:10:17-124
163                android:value="com.google.firebase.components.ComponentRegistrar" />
163-->[:firebase_core] AndroidManifest.xml:11:17-82
164            <meta-data
164-->[com.google.firebase:firebase-auth:23.1.0] AndroidManifest.xml:69:13-71:85
165                android:name="com.google.firebase.components:com.google.firebase.auth.FirebaseAuthRegistrar"
165-->[com.google.firebase:firebase-auth:23.1.0] AndroidManifest.xml:70:17-109
166                android:value="com.google.firebase.components.ComponentRegistrar" />
166-->[com.google.firebase:firebase-auth:23.1.0] AndroidManifest.xml:71:17-82
167            <meta-data
167-->[com.google.firebase:firebase-firestore:25.1.1] AndroidManifest.xml:17:13-19:85
168                android:name="com.google.firebase.components:com.google.firebase.firestore.FirebaseFirestoreKtxRegistrar"
168-->[com.google.firebase:firebase-firestore:25.1.1] AndroidManifest.xml:18:17-122
169                android:value="com.google.firebase.components.ComponentRegistrar" />
169-->[com.google.firebase:firebase-firestore:25.1.1] AndroidManifest.xml:19:17-82
170            <meta-data
170-->[com.google.firebase:firebase-firestore:25.1.1] AndroidManifest.xml:20:13-22:85
171                android:name="com.google.firebase.components:com.google.firebase.firestore.FirestoreRegistrar"
171-->[com.google.firebase:firebase-firestore:25.1.1] AndroidManifest.xml:21:17-111
172                android:value="com.google.firebase.components.ComponentRegistrar" />
172-->[com.google.firebase:firebase-firestore:25.1.1] AndroidManifest.xml:22:17-82
173            <meta-data
173-->[com.google.firebase:firebase-storage:21.0.1] AndroidManifest.xml:30:13-32:85
174                android:name="com.google.firebase.components:com.google.firebase.storage.FirebaseStorageKtxRegistrar"
174-->[com.google.firebase:firebase-storage:21.0.1] AndroidManifest.xml:31:17-118
175                android:value="com.google.firebase.components.ComponentRegistrar" />
175-->[com.google.firebase:firebase-storage:21.0.1] AndroidManifest.xml:32:17-82
176            <meta-data
176-->[com.google.firebase:firebase-storage:21.0.1] AndroidManifest.xml:33:13-35:85
177                android:name="com.google.firebase.components:com.google.firebase.storage.StorageRegistrar"
177-->[com.google.firebase:firebase-storage:21.0.1] AndroidManifest.xml:34:17-107
178                android:value="com.google.firebase.components.ComponentRegistrar" />
178-->[com.google.firebase:firebase-storage:21.0.1] AndroidManifest.xml:35:17-82
179            <meta-data
179-->[com.google.firebase:firebase-appcheck:18.0.0] AndroidManifest.xml:25:13-27:85
180                android:name="com.google.firebase.components:com.google.firebase.appcheck.FirebaseAppCheckKtxRegistrar"
180-->[com.google.firebase:firebase-appcheck:18.0.0] AndroidManifest.xml:26:17-120
181                android:value="com.google.firebase.components.ComponentRegistrar" />
181-->[com.google.firebase:firebase-appcheck:18.0.0] AndroidManifest.xml:27:17-82
182            <meta-data
182-->[com.google.firebase:firebase-appcheck:18.0.0] AndroidManifest.xml:28:13-30:85
183                android:name="com.google.firebase.components:com.google.firebase.appcheck.FirebaseAppCheckRegistrar"
183-->[com.google.firebase:firebase-appcheck:18.0.0] AndroidManifest.xml:29:17-117
184                android:value="com.google.firebase.components.ComponentRegistrar" />
184-->[com.google.firebase:firebase-appcheck:18.0.0] AndroidManifest.xml:30:17-82
185            <meta-data
185-->[com.google.firebase:firebase-common-ktx:21.0.0] AndroidManifest.xml:12:13-14:85
186                android:name="com.google.firebase.components:com.google.firebase.ktx.FirebaseCommonLegacyRegistrar"
186-->[com.google.firebase:firebase-common-ktx:21.0.0] AndroidManifest.xml:13:17-116
187                android:value="com.google.firebase.components.ComponentRegistrar" />
187-->[com.google.firebase:firebase-common-ktx:21.0.0] AndroidManifest.xml:14:17-82
188            <meta-data
188-->[com.google.firebase:firebase-common:21.0.0] AndroidManifest.xml:35:13-37:85
189                android:name="com.google.firebase.components:com.google.firebase.FirebaseCommonKtxRegistrar"
189-->[com.google.firebase:firebase-common:21.0.0] AndroidManifest.xml:36:17-109
190                android:value="com.google.firebase.components.ComponentRegistrar" />
190-->[com.google.firebase:firebase-common:21.0.0] AndroidManifest.xml:37:17-82
191        </service>
192        <service
192-->[me.carda:AndroidAwnCore:0.8.3] AndroidManifest.xml:21:9-28:19
193            android:name="me.carda.awesome_notifications.core.managers.StatusBarManager"
193-->[me.carda:AndroidAwnCore:0.8.3] AndroidManifest.xml:22:13-89
194            android:exported="true"
194-->[me.carda:AndroidAwnCore:0.8.3] AndroidManifest.xml:23:13-36
195            android:label="My Notification Listener Service" >
195-->[me.carda:AndroidAwnCore:0.8.3] AndroidManifest.xml:24:13-61
196            <intent-filter>
196-->[me.carda:AndroidAwnCore:0.8.3] AndroidManifest.xml:25:13-27:29
197                <action android:name="android.service.notification.NotificationListenerService" />
197-->[me.carda:AndroidAwnCore:0.8.3] AndroidManifest.xml:26:17-99
197-->[me.carda:AndroidAwnCore:0.8.3] AndroidManifest.xml:26:25-96
198            </intent-filter>
199        </service>
200        <service
200-->[androidx.room:room-runtime:2.5.0] AndroidManifest.xml:24:9-28:63
201            android:name="androidx.room.MultiInstanceInvalidationService"
201-->[androidx.room:room-runtime:2.5.0] AndroidManifest.xml:25:13-74
202            android:directBootAware="true"
202-->[androidx.room:room-runtime:2.5.0] AndroidManifest.xml:26:13-43
203            android:exported="false" />
203-->[androidx.room:room-runtime:2.5.0] AndroidManifest.xml:27:13-37
204
205        <activity
205-->[com.google.firebase:firebase-auth:23.1.0] AndroidManifest.xml:29:9-46:20
206            android:name="com.google.firebase.auth.internal.GenericIdpActivity"
206-->[com.google.firebase:firebase-auth:23.1.0] AndroidManifest.xml:30:13-80
207            android:excludeFromRecents="true"
207-->[com.google.firebase:firebase-auth:23.1.0] AndroidManifest.xml:31:13-46
208            android:exported="true"
208-->[com.google.firebase:firebase-auth:23.1.0] AndroidManifest.xml:32:13-36
209            android:launchMode="singleTask"
209-->[com.google.firebase:firebase-auth:23.1.0] AndroidManifest.xml:33:13-44
210            android:theme="@android:style/Theme.Translucent.NoTitleBar" >
210-->[com.google.firebase:firebase-auth:23.1.0] AndroidManifest.xml:34:13-72
211            <intent-filter>
211-->[com.google.firebase:firebase-auth:23.1.0] AndroidManifest.xml:35:13-45:29
212                <action android:name="android.intent.action.VIEW" />
212-->[com.google.firebase:firebase-auth:23.1.0] AndroidManifest.xml:36:17-69
212-->[com.google.firebase:firebase-auth:23.1.0] AndroidManifest.xml:36:25-66
213
214                <category android:name="android.intent.category.DEFAULT" />
214-->[:awesome_notifications] AndroidManifest.xml:27:17-76
214-->[:awesome_notifications] AndroidManifest.xml:27:27-73
215                <category android:name="android.intent.category.BROWSABLE" />
215-->[com.google.firebase:firebase-auth:23.1.0] AndroidManifest.xml:39:17-78
215-->[com.google.firebase:firebase-auth:23.1.0] AndroidManifest.xml:39:27-75
216
217                <data
217-->src/main/AndroidManifest.xml:50:13-50
218                    android:host="firebase.auth"
219                    android:path="/"
220                    android:scheme="genericidp" />
221            </intent-filter>
222        </activity>
223        <activity
223-->[com.google.firebase:firebase-auth:23.1.0] AndroidManifest.xml:47:9-64:20
224            android:name="com.google.firebase.auth.internal.RecaptchaActivity"
224-->[com.google.firebase:firebase-auth:23.1.0] AndroidManifest.xml:48:13-79
225            android:excludeFromRecents="true"
225-->[com.google.firebase:firebase-auth:23.1.0] AndroidManifest.xml:49:13-46
226            android:exported="true"
226-->[com.google.firebase:firebase-auth:23.1.0] AndroidManifest.xml:50:13-36
227            android:launchMode="singleTask"
227-->[com.google.firebase:firebase-auth:23.1.0] AndroidManifest.xml:51:13-44
228            android:theme="@android:style/Theme.Translucent.NoTitleBar" >
228-->[com.google.firebase:firebase-auth:23.1.0] AndroidManifest.xml:52:13-72
229            <intent-filter>
229-->[com.google.firebase:firebase-auth:23.1.0] AndroidManifest.xml:53:13-63:29
230                <action android:name="android.intent.action.VIEW" />
230-->[com.google.firebase:firebase-auth:23.1.0] AndroidManifest.xml:36:17-69
230-->[com.google.firebase:firebase-auth:23.1.0] AndroidManifest.xml:36:25-66
231
232                <category android:name="android.intent.category.DEFAULT" />
232-->[:awesome_notifications] AndroidManifest.xml:27:17-76
232-->[:awesome_notifications] AndroidManifest.xml:27:27-73
233                <category android:name="android.intent.category.BROWSABLE" />
233-->[com.google.firebase:firebase-auth:23.1.0] AndroidManifest.xml:39:17-78
233-->[com.google.firebase:firebase-auth:23.1.0] AndroidManifest.xml:39:27-75
234
235                <data
235-->src/main/AndroidManifest.xml:50:13-50
236                    android:host="firebase.auth"
237                    android:path="/"
238                    android:scheme="recaptcha" />
239            </intent-filter>
240        </activity>
241
242        <service
242-->[androidx.credentials:credentials-play-services-auth:1.2.0-rc01] AndroidManifest.xml:24:9-32:19
243            android:name="androidx.credentials.playservices.CredentialProviderMetadataHolder"
243-->[androidx.credentials:credentials-play-services-auth:1.2.0-rc01] AndroidManifest.xml:25:13-94
244            android:enabled="true"
244-->[androidx.credentials:credentials-play-services-auth:1.2.0-rc01] AndroidManifest.xml:26:13-35
245            android:exported="false" >
245-->[androidx.credentials:credentials-play-services-auth:1.2.0-rc01] AndroidManifest.xml:27:13-37
246            <meta-data
246-->[androidx.credentials:credentials-play-services-auth:1.2.0-rc01] AndroidManifest.xml:29:13-31:104
247                android:name="androidx.credentials.CREDENTIAL_PROVIDER_KEY"
247-->[androidx.credentials:credentials-play-services-auth:1.2.0-rc01] AndroidManifest.xml:30:17-76
248                android:value="androidx.credentials.playservices.CredentialProviderPlayServicesImpl" />
248-->[androidx.credentials:credentials-play-services-auth:1.2.0-rc01] AndroidManifest.xml:31:17-101
249        </service>
250
251        <activity
251-->[androidx.credentials:credentials-play-services-auth:1.2.0-rc01] AndroidManifest.xml:34:9-41:20
252            android:name="androidx.credentials.playservices.HiddenActivity"
252-->[androidx.credentials:credentials-play-services-auth:1.2.0-rc01] AndroidManifest.xml:35:13-76
253            android:configChanges="orientation|screenSize|screenLayout|keyboardHidden"
253-->[androidx.credentials:credentials-play-services-auth:1.2.0-rc01] AndroidManifest.xml:36:13-87
254            android:enabled="true"
254-->[androidx.credentials:credentials-play-services-auth:1.2.0-rc01] AndroidManifest.xml:37:13-35
255            android:exported="false"
255-->[androidx.credentials:credentials-play-services-auth:1.2.0-rc01] AndroidManifest.xml:38:13-37
256            android:fitsSystemWindows="true"
256-->[androidx.credentials:credentials-play-services-auth:1.2.0-rc01] AndroidManifest.xml:39:13-45
257            android:theme="@style/Theme.Hidden" >
257-->[androidx.credentials:credentials-play-services-auth:1.2.0-rc01] AndroidManifest.xml:40:13-48
258        </activity>
259
260        <uses-library
260-->[androidx.window:window:1.2.0] AndroidManifest.xml:23:9-25:40
261            android:name="androidx.window.extensions"
261-->[androidx.window:window:1.2.0] AndroidManifest.xml:24:13-54
262            android:required="false" />
262-->[androidx.window:window:1.2.0] AndroidManifest.xml:25:13-37
263        <uses-library
263-->[androidx.window:window:1.2.0] AndroidManifest.xml:26:9-28:40
264            android:name="androidx.window.sidecar"
264-->[androidx.window:window:1.2.0] AndroidManifest.xml:27:13-51
265            android:required="false" />
265-->[androidx.window:window:1.2.0] AndroidManifest.xml:28:13-37
266
267        <activity
267-->[com.google.android.gms:play-services-auth:21.0.0] AndroidManifest.xml:23:9-27:75
268            android:name="com.google.android.gms.auth.api.signin.internal.SignInHubActivity"
268-->[com.google.android.gms:play-services-auth:21.0.0] AndroidManifest.xml:24:13-93
269            android:excludeFromRecents="true"
269-->[com.google.android.gms:play-services-auth:21.0.0] AndroidManifest.xml:25:13-46
270            android:exported="false"
270-->[com.google.android.gms:play-services-auth:21.0.0] AndroidManifest.xml:26:13-37
271            android:theme="@android:style/Theme.Translucent.NoTitleBar" />
271-->[com.google.android.gms:play-services-auth:21.0.0] AndroidManifest.xml:27:13-72
272        <!--
273            Service handling Google Sign-In user revocation. For apps that do not integrate with
274            Google Sign-In, this service will never be started.
275        -->
276        <service
276-->[com.google.android.gms:play-services-auth:21.0.0] AndroidManifest.xml:33:9-37:51
277            android:name="com.google.android.gms.auth.api.signin.RevocationBoundService"